<?xml version="1.0" encoding="UTF-8"?>
<coverage generated="1657129270765" clover="3.2.0">
  <project timestamp="1657129270765" name="All files">
    <metrics statements="264" coveredstatements="137" conditionals="64" coveredconditionals="23" methods="50" coveredmethods="15" elements="378" coveredelements="175" complexity="0" loc="264" ncloc="264" packages="5" files="14" classes="14"/>
    <package name="express-jobly">
      <metrics statements="50" coveredstatements="48" conditionals="18" coveredconditionals="15" methods="8" coveredmethods="6"/>
      <file name="app.js" path="/mnt/d/Sara/week7/express-jobly/app.js">
        <metrics statements="24" coveredstatements="24" conditionals="4" coveredconditionals="3" methods="2" coveredmethods="2"/>
        <line num="5" count="4" type="stmt"/>
        <line num="6" count="4" type="stmt"/>
        <line num="8" count="4" type="stmt"/>
        <line num="10" count="4" type="stmt"/>
        <line num="11" count="4" type="stmt"/>
        <line num="12" count="4" type="stmt"/>
        <line num="13" count="4" type="stmt"/>
        <line num="15" count="4" type="stmt"/>
        <line num="17" count="4" type="stmt"/>
        <line num="19" count="4" type="stmt"/>
        <line num="20" count="4" type="stmt"/>
        <line num="21" count="4" type="stmt"/>
        <line num="22" count="4" type="stmt"/>
        <line num="24" count="4" type="stmt"/>
        <line num="25" count="4" type="stmt"/>
        <line num="26" count="4" type="stmt"/>
        <line num="30" count="4" type="stmt"/>
        <line num="31" count="2" type="stmt"/>
        <line num="35" count="4" type="stmt"/>
        <line num="36" count="2" type="cond" truecount="2" falsecount="0"/>
        <line num="37" count="2" type="cond" truecount="1" falsecount="1"/>
        <line num="38" count="2" type="stmt"/>
        <line num="40" count="2" type="stmt"/>
        <line num="45" count="4" type="stmt"/>
      </file>
      <file name="config.js" path="/mnt/d/Sara/week7/express-jobly/config.js">
        <metrics statements="13" coveredstatements="13" conditionals="10" coveredconditionals="10" methods="1" coveredmethods="1"/>
        <line num="5" count="9" type="stmt"/>
        <line num="6" count="9" type="stmt"/>
        <line num="8" count="9" type="cond" truecount="2" falsecount="0"/>
        <line num="10" count="9" type="cond" truecount="2" falsecount="0"/>
        <line num="14" count="18" type="cond" truecount="2" falsecount="0"/>
        <line num="22" count="9" type="cond" truecount="2" falsecount="0"/>
        <line num="24" count="9" type="stmt"/>
        <line num="25" count="9" type="stmt"/>
        <line num="26" count="9" type="stmt"/>
        <line num="27" count="9" type="stmt"/>
        <line num="28" count="9" type="stmt"/>
        <line num="29" count="9" type="stmt"/>
        <line num="31" count="9" type="stmt"/>
      </file>
      <file name="db.js" path="/mnt/d/Sara/week7/express-jobly/db.js">
        <metrics statements="5" coveredstatements="5" conditionals="0" coveredconditionals="0" methods="0" coveredmethods="0"/>
        <line num="5" count="6" type="stmt"/>
        <line num="6" count="6" type="stmt"/>
        <line num="8" count="6" type="stmt"/>
        <line num="12" count="6" type="stmt"/>
        <line num="14" count="6" type="stmt"/>
      </file>
      <file name="expressError.js" path="/mnt/d/Sara/week7/express-jobly/expressError.js">
        <metrics statements="8" coveredstatements="6" conditionals="4" coveredconditionals="2" methods="5" coveredmethods="3"/>
        <line num="9" count="3" type="stmt"/>
        <line num="10" count="3" type="stmt"/>
        <line num="11" count="3" type="stmt"/>
        <line num="19" count="2" type="stmt"/>
        <line num="27" count="1" type="stmt"/>
        <line num="35" count="0" type="stmt"/>
        <line num="43" count="0" type="stmt"/>
        <line num="47" count="7" type="stmt"/>
      </file>
    </package>
    <package name="express-jobly.helpers">
      <metrics statements="13" coveredstatements="8" conditionals="6" coveredconditionals="2" methods="3" coveredmethods="1"/>
      <file name="sql.js" path="/mnt/d/Sara/week7/express-jobly/helpers/sql.js">
        <metrics statements="7" coveredstatements="2" conditionals="4" coveredconditionals="0" methods="2" coveredmethods="0"/>
        <line num="1" count="6" type="stmt"/>
        <line num="6" count="0" type="stmt"/>
        <line num="7" count="0" type="cond" truecount="0" falsecount="2"/>
        <line num="10" count="0" type="stmt"/>
        <line num="11" count="0" type="cond" truecount="0" falsecount="2"/>
        <line num="14" count="0" type="stmt"/>
        <line num="20" count="6" type="stmt"/>
      </file>
      <file name="tokens.js" path="/mnt/d/Sara/week7/express-jobly/helpers/tokens.js">
        <metrics statements="6" coveredstatements="6" conditionals="2" coveredconditionals="2" methods="1" coveredmethods="1"/>
        <line num="1" count="5" type="stmt"/>
        <line num="2" count="5" type="stmt"/>
        <line num="7" count="6" type="stmt"/>
        <line num="10" count="6" type="stmt"/>
        <line num="15" count="6" type="stmt"/>
        <line num="18" count="5" type="stmt"/>
      </file>
    </package>
    <package name="express-jobly.middleware">
      <metrics statements="15" coveredstatements="15" conditionals="6" coveredconditionals="6" methods="2" coveredmethods="2"/>
      <file name="auth.js" path="/mnt/d/Sara/week7/express-jobly/middleware/auth.js">
        <metrics statements="15" coveredstatements="15" conditionals="6" coveredconditionals="6" methods="2" coveredmethods="2"/>
        <line num="5" count="5" type="stmt"/>
        <line num="6" count="5" type="stmt"/>
        <line num="7" count="5" type="stmt"/>
        <line num="19" count="5" type="stmt"/>
        <line num="20" count="5" type="cond" truecount="2" falsecount="0"/>
        <line num="21" count="5" type="cond" truecount="2" falsecount="0"/>
        <line num="22" count="2" type="stmt"/>
        <line num="23" count="2" type="stmt"/>
        <line num="25" count="4" type="stmt"/>
        <line num="27" count="1" type="stmt"/>
        <line num="37" count="2" type="stmt"/>
        <line num="38" count="2" type="cond" truecount="2" falsecount="0"/>
        <line num="39" count="1" type="stmt"/>
        <line num="41" count="1" type="stmt"/>
        <line num="46" count="5" type="stmt"/>
      </file>
    </package>
    <package name="express-jobly.models">
      <metrics statements="77" coveredstatements="17" conditionals="22" coveredconditionals="0" methods="15" coveredmethods="3"/>
      <file name="_testCommon.js" path="/mnt/d/Sara/week7/express-jobly/models/_testCommon.js">
        <metrics statements="11" coveredstatements="7" conditionals="0" coveredconditionals="0" methods="4" coveredmethods="3"/>
        <line num="1" count="2" type="stmt"/>
        <line num="3" count="2" type="stmt"/>
        <line num="4" count="2" type="stmt"/>
        <line num="8" count="2" type="stmt"/>
        <line num="10" count="0" type="stmt"/>
        <line num="12" count="0" type="stmt"/>
        <line num="18" count="0" type="stmt"/>
        <line num="34" count="0" type="stmt"/>
        <line num="38" count="26" type="stmt"/>
        <line num="42" count="2" type="stmt"/>
        <line num="46" count="2" type="stmt"/>
      </file>
      <file name="company.js" path="/mnt/d/Sara/week7/express-jobly/models/company.js">
        <metrics statements="26" coveredstatements="4" conditionals="8" coveredconditionals="0" methods="5" coveredmethods="0"/>
        <line num="3" count="5" type="stmt"/>
        <line num="4" count="5" type="stmt"/>
        <line num="5" count="5" type="stmt"/>
        <line num="20" count="0" type="stmt"/>
        <line num="26" count="0" type="cond" truecount="0" falsecount="2"/>
        <line num="27" count="0" type="stmt"/>
        <line num="29" count="0" type="stmt"/>
        <line num="47" count="0" type="stmt"/>
        <line num="49" count="0" type="stmt"/>
        <line num="58" count="0" type="stmt"/>
        <line num="66" count="0" type="stmt"/>
        <line num="78" count="0" type="stmt"/>
        <line num="88" count="0" type="stmt"/>
        <line num="90" count="0" type="cond" truecount="0" falsecount="2"/>
        <line num="92" count="0" type="stmt"/>
        <line num="108" count="0" type="stmt"/>
        <line num="114" count="0" type="stmt"/>
        <line num="116" count="0" type="stmt"/>
        <line num="121" count="0" type="stmt"/>
        <line num="122" count="0" type="stmt"/>
        <line num="124" count="0" type="cond" truecount="0" falsecount="2"/>
        <line num="126" count="0" type="stmt"/>
        <line num="135" count="0" type="stmt"/>
        <line num="141" count="0" type="stmt"/>
        <line num="143" count="0" type="cond" truecount="0" falsecount="2"/>
        <line num="148" count="5" type="stmt"/>
      </file>
      <file name="user.js" path="/mnt/d/Sara/week7/express-jobly/models/user.js">
        <metrics statements="40" coveredstatements="6" conditionals="14" coveredconditionals="0" methods="6" coveredmethods="0"/>
        <line num="3" count="5" type="stmt"/>
        <line num="4" count="5" type="stmt"/>
        <line num="5" count="5" type="stmt"/>
        <line num="10" count="5" type="stmt"/>
        <line num="12" count="5" type="stmt"/>
        <line num="26" count="0" type="stmt"/>
        <line num="38" count="0" type="stmt"/>
        <line num="40" count="0" type="cond" truecount="0" falsecount="2"/>
        <line num="42" count="0" type="stmt"/>
        <line num="43" count="0" type="cond" truecount="0" falsecount="2"/>
        <line num="44" count="0" type="stmt"/>
        <line num="45" count="0" type="stmt"/>
        <line num="49" count="0" type="stmt"/>
        <line num="61" count="0" type="stmt"/>
        <line num="68" count="0" type="cond" truecount="0" falsecount="2"/>
        <line num="69" count="0" type="stmt"/>
        <line num="72" count="0" type="stmt"/>
        <line num="74" count="0" type="stmt"/>
        <line num="94" count="0" type="stmt"/>
        <line num="96" count="0" type="stmt"/>
        <line num="105" count="0" type="stmt"/>
        <line num="115" count="0" type="stmt"/>
        <line num="127" count="0" type="stmt"/>
        <line num="138" count="0" type="stmt"/>
        <line num="140" count="0" type="cond" truecount="0" falsecount="2"/>
        <line num="142" count="0" type="stmt"/>
        <line num="163" count="0" type="cond" truecount="0" falsecount="2"/>
        <line num="164" count="0" type="stmt"/>
        <line num="167" count="0" type="stmt"/>
        <line num="174" count="0" type="stmt"/>
        <line num="176" count="0" type="stmt"/>
        <line num="184" count="0" type="stmt"/>
        <line num="185" count="0" type="stmt"/>
        <line num="187" count="0" type="cond" truecount="0" falsecount="2"/>
        <line num="189" count="0" type="stmt"/>
        <line num="190" count="0" type="stmt"/>
        <line num="196" count="0" type="stmt"/>
        <line num="203" count="0" type="stmt"/>
        <line num="205" count="0" type="cond" truecount="0" falsecount="2"/>
        <line num="210" count="5" type="stmt"/>
      </file>
    </package>
    <package name="express-jobly.routes">
      <metrics statements="109" coveredstatements="49" conditionals="12" coveredconditionals="0" methods="22" coveredmethods="3"/>
      <file name="_testCommon.js" path="/mnt/d/Sara/week7/express-jobly/routes/_testCommon.js">
        <metrics statements="17" coveredstatements="9" conditionals="0" coveredconditionals="0" methods="4" coveredmethods="3"/>
        <line num="3" count="3" type="stmt"/>
        <line num="4" count="3" type="stmt"/>
        <line num="5" count="3" type="stmt"/>
        <line num="6" count="3" type="stmt"/>
        <line num="10" count="3" type="stmt"/>
        <line num="12" count="0" type="stmt"/>
        <line num="14" count="0" type="stmt"/>
        <line num="22" count="0" type="stmt"/>
        <line num="30" count="0" type="stmt"/>
        <line num="39" count="0" type="stmt"/>
        <line num="47" count="0" type="stmt"/>
        <line num="55" count="0" type="stmt"/>
        <line num="66" count="0" type="stmt"/>
        <line num="70" count="43" type="stmt"/>
        <line num="74" count="3" type="stmt"/>
        <line num="78" count="3" type="stmt"/>
        <line num="81" count="3" type="stmt"/>
      </file>
      <file name="auth.js" path="/mnt/d/Sara/week7/express-jobly/routes/auth.js">
        <metrics statements="26" coveredstatements="11" conditionals="4" coveredconditionals="0" methods="4" coveredmethods="0"/>
        <line num="5" count="4" type="stmt"/>
        <line num="7" count="4" type="stmt"/>
        <line num="8" count="4" type="stmt"/>
        <line num="9" count="4" type="stmt"/>
        <line num="10" count="4" type="stmt"/>
        <line num="11" count="4" type="stmt"/>
        <line num="12" count="4" type="stmt"/>
        <line num="13" count="4" type="stmt"/>
        <line num="22" count="4" type="stmt"/>
        <line num="23" count="0" type="stmt"/>
        <line num="28" count="0" type="cond" truecount="0" falsecount="2"/>
        <line num="29" count="0" type="stmt"/>
        <line num="30" count="0" type="stmt"/>
        <line num="33" count="0" type="stmt"/>
        <line num="34" count="0" type="stmt"/>
        <line num="35" count="0" type="stmt"/>
        <line num="36" count="0" type="stmt"/>
        <line num="49" count="4" type="stmt"/>
        <line num="50" count="0" type="stmt"/>
        <line num="55" count="0" type="cond" truecount="0" falsecount="2"/>
        <line num="56" count="0" type="stmt"/>
        <line num="57" count="0" type="stmt"/>
        <line num="60" count="0" type="stmt"/>
        <line num="61" count="0" type="stmt"/>
        <line num="62" count="0" type="stmt"/>
        <line num="66" count="4" type="stmt"/>
      </file>
      <file name="companies.js" path="/mnt/d/Sara/week7/express-jobly/routes/companies.js">
        <metrics statements="32" coveredstatements="14" conditionals="4" coveredconditionals="0" methods="7" coveredmethods="0"/>
        <line num="5" count="4" type="stmt"/>
        <line num="6" count="4" type="stmt"/>
        <line num="8" count="4" type="stmt"/>
        <line num="9" count="4" type="stmt"/>
        <line num="10" count="4" type="stmt"/>
        <line num="12" count="4" type="stmt"/>
        <line num="13" count="4" type="stmt"/>
        <line num="15" count="4" type="stmt"/>
        <line num="27" count="4" type="stmt"/>
        <line num="28" count="0" type="stmt"/>
        <line num="33" count="0" type="cond" truecount="0" falsecount="2"/>
        <line num="34" count="0" type="stmt"/>
        <line num="35" count="0" type="stmt"/>
        <line num="38" count="0" type="stmt"/>
        <line num="39" count="0" type="stmt"/>
        <line num="53" count="4" type="stmt"/>
        <line num="54" count="0" type="stmt"/>
        <line num="55" count="0" type="stmt"/>
        <line num="66" count="4" type="stmt"/>
        <line num="67" count="0" type="stmt"/>
        <line num="68" count="0" type="stmt"/>
        <line num="82" count="4" type="stmt"/>
        <line num="83" count="0" type="stmt"/>
        <line num="88" count="0" type="cond" truecount="0" falsecount="2"/>
        <line num="89" count="0" type="stmt"/>
        <line num="90" count="0" type="stmt"/>
        <line num="93" count="0" type="stmt"/>
        <line num="94" count="0" type="stmt"/>
        <line num="102" count="4" type="stmt"/>
        <line num="103" count="0" type="stmt"/>
        <line num="104" count="0" type="stmt"/>
        <line num="108" count="4" type="stmt"/>
      </file>
      <file name="users.js" path="/mnt/d/Sara/week7/express-jobly/routes/users.js">
        <metrics statements="34" coveredstatements="15" conditionals="4" coveredconditionals="0" methods="7" coveredmethods="0"/>
        <line num="5" count="4" type="stmt"/>
        <line num="7" count="4" type="stmt"/>
        <line num="8" count="4" type="stmt"/>
        <line num="9" count="4" type="stmt"/>
        <line num="10" count="4" type="stmt"/>
        <line num="11" count="4" type="stmt"/>
        <line num="12" count="4" type="stmt"/>
        <line num="13" count="4" type="stmt"/>
        <line num="15" count="4" type="stmt"/>
        <line num="30" count="4" type="stmt"/>
        <line num="31" count="0" type="stmt"/>
        <line num="36" count="0" type="cond" truecount="0" falsecount="2"/>
        <line num="37" count="0" type="stmt"/>
        <line num="38" count="0" type="stmt"/>
        <line num="41" count="0" type="stmt"/>
        <line num="42" count="0" type="stmt"/>
        <line num="43" count="0" type="stmt"/>
        <line num="54" count="4" type="stmt"/>
        <line num="55" count="0" type="stmt"/>
        <line num="56" count="0" type="stmt"/>
        <line num="67" count="4" type="stmt"/>
        <line num="68" count="0" type="stmt"/>
        <line num="69" count="0" type="stmt"/>
        <line num="83" count="4" type="stmt"/>
        <line num="84" count="0" type="stmt"/>
        <line num="89" count="0" type="cond" truecount="0" falsecount="2"/>
        <line num="90" count="0" type="stmt"/>
        <line num="91" count="0" type="stmt"/>
        <line num="94" count="0" type="stmt"/>
        <line num="95" count="0" type="stmt"/>
        <line num="104" count="4" type="stmt"/>
        <line num="105" count="0" type="stmt"/>
        <line num="106" count="0" type="stmt"/>
        <line num="110" count="4" type="stmt"/>
      </file>
    </package>
  </project>
</coverage>
