TN:
SF:config.js
FN:13,getDatabaseUri
FNF:1
FNH:1
FNDA:1,getDatabaseUri
DA:5,1
DA:6,1
DA:8,1
DA:10,1
DA:14,1
DA:24,1
DA:26,1
DA:27,1
DA:28,1
DA:29,1
DA:30,1
DA:31,1
DA:33,1
LF:13
LH:13
BRDA:8,0,0,1
BRDA:8,0,1,1
BRDA:10,1,0,1
BRDA:10,1,1,1
BRDA:14,2,0,1
BRDA:14,2,1,0
BRDA:16,3,0,0
BRDA:16,3,1,0
BRDA:24,4,0,1
BRDA:24,4,1,0
BRF:10
BRH:6
end_of_record
TN:
SF:expressError.js
FN:8,(anonymous_0)
FN:18,(anonymous_1)
FN:26,(anonymous_2)
FN:34,(anonymous_3)
FN:42,(anonymous_4)
FNF:5
FNH:2
FNDA:3,(anonymous_0)
FNDA:0,(anonymous_1)
FNDA:3,(anonymous_2)
FNDA:0,(anonymous_3)
FNDA:0,(anonymous_4)
DA:9,3
DA:10,3
DA:11,3
DA:19,0
DA:27,3
DA:35,0
DA:43,0
DA:47,1
LF:8
LH:5
BRDA:18,0,0,0
BRDA:26,1,0,3
BRDA:34,2,0,0
BRDA:42,3,0,0
BRF:4
BRH:1
end_of_record
TN:
SF:middleware/auth.js
FN:17,authenticateJWT
FN:35,ensureLoggedIn
FN:48,ensureAdmin
FN:65,ensureAdminOrCurrentUser
FNF:4
FNH:4
FNDA:3,authenticateJWT
FNDA:2,ensureLoggedIn
FNDA:2,ensureAdmin
FNDA:4,ensureAdminOrCurrentUser
DA:5,1
DA:6,1
DA:7,1
DA:18,3
DA:19,3
DA:20,3
DA:21,2
DA:22,2
DA:24,2
DA:26,1
DA:36,2
DA:37,2
DA:38,2
DA:39,1
DA:41,1
DA:49,2
DA:50,2
DA:51,2
DA:52,2
DA:53,2
DA:54,1
DA:56,1
DA:58,1
DA:66,4
DA:67,4
DA:68,4
DA:69,4
DA:70,4
DA:71,2
DA:72,2
DA:73,1
DA:75,1
DA:78,1
DA:79,1
DA:83,1
LF:35
LH:35
BRDA:19,0,0,3
BRDA:19,0,1,2
BRDA:20,1,0,2
BRDA:20,1,1,1
BRDA:38,2,0,1
BRDA:38,2,1,1
BRDA:53,3,0,1
BRDA:53,3,1,1
BRDA:53,4,0,2
BRDA:53,4,1,1
BRDA:66,5,0,0
BRDA:66,5,1,4
BRDA:70,6,0,2
BRDA:70,6,1,2
BRDA:72,7,0,1
BRDA:72,7,1,1
BRF:16
BRH:15
end_of_record
